<?xml version="1.0" encoding="UTF-8"?>
<testng-results skipped="0" failed="0" ignored="0" total="1" passed="1">
  <reporter-output>
  </reporter-output>
  <suite name="Default suite" duration-ms="16153" started-at="2018-10-08T23:23:17Z" finished-at="2018-10-08T23:23:33Z">
    <groups>
    </groups>
    <test name="Default test" duration-ms="16153" started-at="2018-10-08T23:23:17Z" finished-at="2018-10-08T23:23:33Z">
      <class name="activitypackage.AutoIt2">
        <test-method status="PASS" signature="t1()[pri:0, instance:activitypackage.AutoIt2@77caeb3e]" name="t1" duration-ms="16118" started-at="2018-10-08T16:23:17Z" finished-at="2018-10-08T16:23:33Z">
          <reporter-output>
          </reporter-output>
        </test-method> <!-- t1 -->
      </class> <!-- activitypackage.AutoIt2 -->
    </test> <!-- Default test -->
  </suite> <!-- Default suite -->
</testng-results>
